{"/Users/lalitshahi/Documents/techWolf/react-pagination/src/components/index.ts": {"path":"/Users/lalitshahi/Documents/techWolf/react-pagination/src/components/index.ts","statementMap":{},"fnMap":{},"branchMap":{},"s":{},"f":{},"b":{},"_coverageSchema":"1a1c01bbd47fc00a2c39e90264f33305004495a9","hash":"6f99d8d63cb90427894f6297f9e784d1e98b9b5d"}
,"/Users/lalitshahi/Documents/techWolf/react-pagination/src/components/Button/Button.tsx": {"path":"/Users/lalitshahi/Documents/techWolf/react-pagination/src/components/Button/Button.tsx","statementMap":{"0":{"start":{"line":5,"column":15},"end":{"line":40,"column":1}},"1":{"start":{"line":6,"column":2},"end":{"line":39,"column":4}}},"fnMap":{"0":{"name":"(anonymous_0)","decl":{"start":{"line":5,"column":15},"end":{"line":5,"column":16}},"loc":{"start":{"line":5,"column":39},"end":{"line":40,"column":1}},"line":5}},"branchMap":{"0":{"loc":{"start":{"line":9,"column":20},"end":{"line":9,"column":51}},"type":"cond-expr","locations":[{"start":{"line":9,"column":37},"end":{"line":9,"column":43}},{"start":{"line":9,"column":46},"end":{"line":9,"column":51}}],"line":9},"1":{"loc":{"start":{"line":27,"column":23},"end":{"line":27,"column":63}},"type":"binary-expr","locations":[{"start":{"line":27,"column":23},"end":{"line":27,"column":43}},{"start":{"line":27,"column":47},"end":{"line":27,"column":63}}],"line":27}},"s":{"0":2,"1":7},"f":{"0":7},"b":{"0":[1,6],"1":[7,6]},"_coverageSchema":"1a1c01bbd47fc00a2c39e90264f33305004495a9","hash":"41723bfd8dca980229906283d259304d89fdcb43"}
,"/Users/lalitshahi/Documents/techWolf/react-pagination/src/components/Button/index.ts": {"path":"/Users/lalitshahi/Documents/techWolf/react-pagination/src/components/Button/index.ts","statementMap":{},"fnMap":{},"branchMap":{},"s":{},"f":{},"b":{},"_coverageSchema":"1a1c01bbd47fc00a2c39e90264f33305004495a9","hash":"a57bfe10f9fbf73acc1d936a525adf1bee734aa0"}
,"/Users/lalitshahi/Documents/techWolf/react-pagination/src/components/Pagination/Pagination.tsx": {"path":"/Users/lalitshahi/Documents/techWolf/react-pagination/src/components/Pagination/Pagination.tsx","statementMap":{"0":{"start":{"line":26,"column":6},"end":{"line":26,"column":11}},"1":{"start":{"line":28,"column":26},"end":{"line":33,"column":4}},"2":{"start":{"line":35,"column":19},"end":{"line":35,"column":62}},"3":{"start":{"line":37,"column":17},"end":{"line":39,"column":3}},"4":{"start":{"line":38,"column":4},"end":{"line":38,"column":46}},"5":{"start":{"line":41,"column":21},"end":{"line":43,"column":3}},"6":{"start":{"line":42,"column":4},"end":{"line":42,"column":50}},"7":{"start":{"line":45,"column":18},"end":{"line":47,"column":3}},"8":{"start":{"line":46,"column":4},"end":{"line":46,"column":33}},"9":{"start":{"line":49,"column":17},"end":{"line":51,"column":3}},"10":{"start":{"line":50,"column":4},"end":{"line":50,"column":39}},"11":{"start":{"line":53,"column":23},"end":{"line":55,"column":3}},"12":{"start":{"line":54,"column":4},"end":{"line":54,"column":48}},"13":{"start":{"line":57,"column":2},"end":{"line":191,"column":4}},"14":{"start":{"line":132,"column":12},"end":{"line":145,"column":13}},"15":{"start":{"line":133,"column":14},"end":{"line":144,"column":16}},"16":{"start":{"line":146,"column":12},"end":{"line":158,"column":14}},"17":{"start":{"line":151,"column":40},"end":{"line":151,"column":64}},"18":{"start":{"line":194,"column":0},"end":{"line":196,"column":2}}},"fnMap":{"0":{"name":"Pagination","decl":{"start":{"line":15,"column":9},"end":{"line":15,"column":19}},"loc":{"start":{"line":15,"column":45},"end":{"line":192,"column":1}},"line":15},"1":{"name":"(anonymous_1)","decl":{"start":{"line":37,"column":17},"end":{"line":37,"column":18}},"loc":{"start":{"line":37,"column":23},"end":{"line":39,"column":3}},"line":37},"2":{"name":"(anonymous_2)","decl":{"start":{"line":41,"column":21},"end":{"line":41,"column":22}},"loc":{"start":{"line":41,"column":27},"end":{"line":43,"column":3}},"line":41},"3":{"name":"(anonymous_3)","decl":{"start":{"line":45,"column":18},"end":{"line":45,"column":19}},"loc":{"start":{"line":45,"column":24},"end":{"line":47,"column":3}},"line":45},"4":{"name":"(anonymous_4)","decl":{"start":{"line":49,"column":17},"end":{"line":49,"column":18}},"loc":{"start":{"line":49,"column":23},"end":{"line":51,"column":3}},"line":49},"5":{"name":"(anonymous_5)","decl":{"start":{"line":53,"column":23},"end":{"line":53,"column":24}},"loc":{"start":{"line":53,"column":47},"end":{"line":55,"column":3}},"line":53},"6":{"name":"(anonymous_6)","decl":{"start":{"line":131,"column":31},"end":{"line":131,"column":32}},"loc":{"start":{"line":131,"column":70},"end":{"line":159,"column":11}},"line":131},"7":{"name":"(anonymous_7)","decl":{"start":{"line":139,"column":36},"end":{"line":139,"column":37}},"loc":{"start":{"line":139,"column":42},"end":{"line":139,"column":44}},"line":139},"8":{"name":"(anonymous_8)","decl":{"start":{"line":151,"column":34},"end":{"line":151,"column":35}},"loc":{"start":{"line":151,"column":40},"end":{"line":151,"column":64}},"line":151}},"branchMap":{"0":{"loc":{"start":{"line":23,"column":4},"end":{"line":23,"column":25}},"type":"default-arg","locations":[{"start":{"line":23,"column":20},"end":{"line":23,"column":25}}],"line":23},"1":{"loc":{"start":{"line":32,"column":14},"end":{"line":32,"column":66}},"type":"cond-expr","locations":[{"start":{"line":32,"column":30},"end":{"line":32,"column":38}},{"start":{"line":32,"column":41},"end":{"line":32,"column":66}}],"line":32},"2":{"loc":{"start":{"line":79,"column":11},"end":{"line":85,"column":11}},"type":"binary-expr","locations":[{"start":{"line":79,"column":11},"end":{"line":79,"column":24}},{"start":{"line":80,"column":12},"end":{"line":84,"column":14}}],"line":79},"3":{"loc":{"start":{"line":94,"column":15},"end":{"line":94,"column":77}},"type":"cond-expr","locations":[{"start":{"line":94,"column":42},"end":{"line":94,"column":52}},{"start":{"line":94,"column":55},"end":{"line":94,"column":77}}],"line":94},"4":{"loc":{"start":{"line":132,"column":12},"end":{"line":145,"column":13}},"type":"if","locations":[{"start":{"line":132,"column":12},"end":{"line":145,"column":13}},{"start":{},"end":{}}],"line":132}},"s":{"0":1,"1":1,"2":1,"3":1,"4":0,"5":1,"6":0,"7":1,"8":0,"9":1,"10":0,"11":1,"12":0,"13":1,"14":0,"15":0,"16":0,"17":0,"18":1},"f":{"0":1,"1":0,"2":0,"3":0,"4":0,"5":0,"6":0,"7":0,"8":0},"b":{"0":[1],"1":[0,1],"2":[1,0],"3":[0,1],"4":[0,0]},"_coverageSchema":"1a1c01bbd47fc00a2c39e90264f33305004495a9","hash":"e528b9d38b3eeaa863702601ea9ee6ea03154b8e"}
,"/Users/lalitshahi/Documents/techWolf/react-pagination/src/components/Pagination/index.ts": {"path":"/Users/lalitshahi/Documents/techWolf/react-pagination/src/components/Pagination/index.ts","statementMap":{},"fnMap":{},"branchMap":{},"s":{},"f":{},"b":{},"_coverageSchema":"1a1c01bbd47fc00a2c39e90264f33305004495a9","hash":"27f5a5054fc0e3f17e5f4867f975ea3e0f59ac9e"}
,"/Users/lalitshahi/Documents/techWolf/react-pagination/src/components/RowsCount/RowsCount.tsx": {"path":"/Users/lalitshahi/Documents/techWolf/react-pagination/src/components/RowsCount/RowsCount.tsx","statementMap":{"0":{"start":{"line":12,"column":18},"end":{"line":58,"column":1}},"1":{"start":{"line":17,"column":34},"end":{"line":17,"column":61}},"2":{"start":{"line":19,"column":23},"end":{"line":22,"column":3}},"3":{"start":{"line":20,"column":4},"end":{"line":20,"column":40}},"4":{"start":{"line":21,"column":4},"end":{"line":21,"column":32}},"5":{"start":{"line":23,"column":2},"end":{"line":57,"column":4}},"6":{"start":{"line":45,"column":16},"end":{"line":47,"column":29}},"7":{"start":{"line":60,"column":19},"end":{"line":79,"column":2}},"8":{"start":{"line":64,"column":2},"end":{"line":78,"column":4}}},"fnMap":{"0":{"name":"(anonymous_0)","decl":{"start":{"line":12,"column":18},"end":{"line":12,"column":19}},"loc":{"start":{"line":16,"column":23},"end":{"line":58,"column":1}},"line":16},"1":{"name":"(anonymous_1)","decl":{"start":{"line":19,"column":23},"end":{"line":19,"column":24}},"loc":{"start":{"line":19,"column":51},"end":{"line":22,"column":3}},"line":19},"2":{"name":"(anonymous_2)","decl":{"start":{"line":44,"column":27},"end":{"line":44,"column":28}},"loc":{"start":{"line":45,"column":16},"end":{"line":47,"column":29}},"line":45},"3":{"name":"(anonymous_3)","decl":{"start":{"line":63,"column":2},"end":{"line":63,"column":3}},"loc":{"start":{"line":63,"column":55},"end":{"line":79,"column":1}},"line":63}},"branchMap":{"0":{"loc":{"start":{"line":13,"column":2},"end":{"line":13,"column":26}},"type":"default-arg","locations":[{"start":{"line":13,"column":12},"end":{"line":13,"column":26}}],"line":13}},"s":{"0":2,"1":4,"2":4,"3":0,"4":0,"5":4,"6":19,"7":2,"8":19},"f":{"0":4,"1":0,"2":19,"3":19},"b":{"0":[0]},"_coverageSchema":"1a1c01bbd47fc00a2c39e90264f33305004495a9","hash":"64b3023318f1ec2475b12f450d00e637291ba3de"}
,"/Users/lalitshahi/Documents/techWolf/react-pagination/src/components/RowsCount/index.ts": {"path":"/Users/lalitshahi/Documents/techWolf/react-pagination/src/components/RowsCount/index.ts","statementMap":{},"fnMap":{},"branchMap":{},"s":{},"f":{},"b":{},"_coverageSchema":"1a1c01bbd47fc00a2c39e90264f33305004495a9","hash":"ab6df4f7845f81a75cd9583fbdbe61e1aeff8df1"}
,"/Users/lalitshahi/Documents/techWolf/react-pagination/src/constants/index.ts": {"path":"/Users/lalitshahi/Documents/techWolf/react-pagination/src/constants/index.ts","statementMap":{"0":{"start":{"line":1,"column":21},"end":{"line":7,"column":1}},"1":{"start":{"line":8,"column":30},"end":{"line":8,"column":55}}},"fnMap":{},"branchMap":{},"s":{"0":2,"1":2},"f":{},"b":{},"_coverageSchema":"1a1c01bbd47fc00a2c39e90264f33305004495a9","hash":"8ec20f8cd2d7edd60952f06167ae317575778b74"}
,"/Users/lalitshahi/Documents/techWolf/react-pagination/src/hooks/usePagination.ts": {"path":"/Users/lalitshahi/Documents/techWolf/react-pagination/src/hooks/usePagination.ts","statementMap":{"0":{"start":{"line":5,"column":20},"end":{"line":5,"column":21}},"1":{"start":{"line":8,"column":26},"end":{"line":11,"column":1}},"2":{"start":{"line":9,"column":17},"end":{"line":9,"column":32}},"3":{"start":{"line":10,"column":2},"end":{"line":10,"column":57}},"4":{"start":{"line":10,"column":44},"end":{"line":10,"column":55}},"5":{"start":{"line":20,"column":29},"end":{"line":84,"column":1}},"6":{"start":{"line":26,"column":26},"end":{"line":81,"column":55}},"7":{"start":{"line":27,"column":27},"end":{"line":27,"column":59}},"8":{"start":{"line":30,"column":29},"end":{"line":30,"column":45}},"9":{"start":{"line":36,"column":4},"end":{"line":38,"column":5}},"10":{"start":{"line":37,"column":6},"end":{"line":37,"column":50}},"11":{"start":{"line":40,"column":29},"end":{"line":40,"column":68}},"12":{"start":{"line":41,"column":30},"end":{"line":44,"column":5}},"13":{"start":{"line":51,"column":31},"end":{"line":51,"column":51}},"14":{"start":{"line":52,"column":32},"end":{"line":52,"column":70}},"15":{"start":{"line":54,"column":27},"end":{"line":54,"column":28}},"16":{"start":{"line":55,"column":26},"end":{"line":55,"column":40}},"17":{"start":{"line":57,"column":4},"end":{"line":62,"column":5}},"18":{"start":{"line":58,"column":28},"end":{"line":58,"column":48}},"19":{"start":{"line":59,"column":24},"end":{"line":59,"column":59}},"20":{"start":{"line":61,"column":6},"end":{"line":61,"column":50}},"21":{"start":{"line":64,"column":4},"end":{"line":71,"column":5}},"22":{"start":{"line":65,"column":29},"end":{"line":65,"column":49}},"23":{"start":{"line":66,"column":25},"end":{"line":69,"column":7}},"24":{"start":{"line":70,"column":6},"end":{"line":70,"column":51}},"25":{"start":{"line":73,"column":4},"end":{"line":79,"column":5}},"26":{"start":{"line":74,"column":26},"end":{"line":77,"column":7}},"27":{"start":{"line":78,"column":6},"end":{"line":78,"column":73}},"28":{"start":{"line":80,"column":4},"end":{"line":80,"column":14}},"29":{"start":{"line":83,"column":2},"end":{"line":83,"column":25}}},"fnMap":{"0":{"name":"(anonymous_0)","decl":{"start":{"line":8,"column":26},"end":{"line":8,"column":27}},"loc":{"start":{"line":8,"column":58},"end":{"line":11,"column":1}},"line":8},"1":{"name":"(anonymous_1)","decl":{"start":{"line":10,"column":32},"end":{"line":10,"column":33}},"loc":{"start":{"line":10,"column":44},"end":{"line":10,"column":55}},"line":10},"2":{"name":"(anonymous_2)","decl":{"start":{"line":20,"column":29},"end":{"line":20,"column":30}},"loc":{"start":{"line":25,"column":27},"end":{"line":84,"column":1}},"line":25},"3":{"name":"(anonymous_3)","decl":{"start":{"line":26,"column":34},"end":{"line":26,"column":35}},"loc":{"start":{"line":26,"column":40},"end":{"line":81,"column":3}},"line":26}},"branchMap":{"0":{"loc":{"start":{"line":23,"column":2},"end":{"line":23,"column":18}},"type":"default-arg","locations":[{"start":{"line":23,"column":17},"end":{"line":23,"column":18}}],"line":23},"1":{"loc":{"start":{"line":36,"column":4},"end":{"line":38,"column":5}},"type":"if","locations":[{"start":{"line":36,"column":4},"end":{"line":38,"column":5}},{"start":{},"end":{}}],"line":36},"2":{"loc":{"start":{"line":57,"column":4},"end":{"line":62,"column":5}},"type":"if","locations":[{"start":{"line":57,"column":4},"end":{"line":62,"column":5}},{"start":{},"end":{}}],"line":57},"3":{"loc":{"start":{"line":57,"column":8},"end":{"line":57,"column":50}},"type":"binary-expr","locations":[{"start":{"line":57,"column":8},"end":{"line":57,"column":27}},{"start":{"line":57,"column":31},"end":{"line":57,"column":50}}],"line":57},"4":{"loc":{"start":{"line":64,"column":4},"end":{"line":71,"column":5}},"type":"if","locations":[{"start":{"line":64,"column":4},"end":{"line":71,"column":5}},{"start":{},"end":{}}],"line":64},"5":{"loc":{"start":{"line":64,"column":8},"end":{"line":64,"column":50}},"type":"binary-expr","locations":[{"start":{"line":64,"column":8},"end":{"line":64,"column":26}},{"start":{"line":64,"column":30},"end":{"line":64,"column":50}}],"line":64},"6":{"loc":{"start":{"line":73,"column":4},"end":{"line":79,"column":5}},"type":"if","locations":[{"start":{"line":73,"column":4},"end":{"line":79,"column":5}},{"start":{},"end":{}}],"line":73},"7":{"loc":{"start":{"line":73,"column":8},"end":{"line":73,"column":49}},"type":"binary-expr","locations":[{"start":{"line":73,"column":8},"end":{"line":73,"column":26}},{"start":{"line":73,"column":30},"end":{"line":73,"column":49}}],"line":73}},"s":{"0":2,"1":2,"2":7,"3":7,"4":24,"5":2,"6":7,"7":7,"8":7,"9":7,"10":2,"11":5,"12":5,"13":5,"14":5,"15":5,"16":5,"17":5,"18":2,"19":2,"20":2,"21":3,"22":2,"23":2,"24":2,"25":1,"26":1,"27":1,"28":0,"29":7},"f":{"0":7,"1":24,"2":7,"3":7},"b":{"0":[3],"1":[2,5],"2":[2,3],"3":[5,2],"4":[2,1],"5":[3,3],"6":[1,0],"7":[1,1]},"_coverageSchema":"1a1c01bbd47fc00a2c39e90264f33305004495a9","hash":"bfb99d42d9a46f683901a5f3608689b3195075c4"}
,"/Users/lalitshahi/Documents/techWolf/react-pagination/src/utils/index.ts": {"path":"/Users/lalitshahi/Documents/techWolf/react-pagination/src/utils/index.ts","statementMap":{"0":{"start":{"line":4,"column":26},"end":{"line":6,"column":1}},"1":{"start":{"line":5,"column":2},"end":{"line":5,"column":35}}},"fnMap":{"0":{"name":"(anonymous_0)","decl":{"start":{"line":4,"column":26},"end":{"line":4,"column":27}},"loc":{"start":{"line":4,"column":59},"end":{"line":6,"column":1}},"line":4}},"branchMap":{},"s":{"0":3,"1":30},"f":{"0":30},"b":{},"_coverageSchema":"1a1c01bbd47fc00a2c39e90264f33305004495a9","hash":"f8a37a2098b1d7d100db77db0c37adf1a7709270"}
}
