TN:
SF:src/components/index.ts
FNF:0
FNH:0
LF:0
LH:0
BRF:0
BRH:0
end_of_record
TN:
SF:src/components/Button/Button.tsx
FN:5,(anonymous_0)
FNF:1
FNH:1
FNDA:7,(anonymous_0)
DA:5,2
DA:6,7
LF:2
LH:2
BRDA:9,0,0,1
BRDA:9,0,1,6
BRDA:27,1,0,7
BRDA:27,1,1,6
BRF:4
BRH:4
end_of_record
TN:
SF:src/components/Button/index.ts
FNF:0
FNH:0
LF:0
LH:0
BRF:0
BRH:0
end_of_record
TN:
SF:src/components/Pagination/Pagination.tsx
FN:15,Pagination
FN:37,(anonymous_1)
FN:41,(anonymous_2)
FN:45,(anonymous_3)
FN:49,(anonymous_4)
FN:53,(anonymous_5)
FN:131,(anonymous_6)
FN:139,(anonymous_7)
FN:151,(anonymous_8)
FNF:9
FNH:1
FNDA:1,Pagination
FNDA:0,(anonymous_1)
FNDA:0,(anonymous_2)
FNDA:0,(anonymous_3)
FNDA:0,(anonymous_4)
FNDA:0,(anonymous_5)
FNDA:0,(anonymous_6)
FNDA:0,(anonymous_7)
FNDA:0,(anonymous_8)
DA:26,1
DA:28,1
DA:35,1
DA:37,1
DA:38,0
DA:41,1
DA:42,0
DA:45,1
DA:46,0
DA:49,1
DA:50,0
DA:53,1
DA:54,0
DA:57,1
DA:132,0
DA:133,0
DA:146,0
DA:151,0
DA:194,1
LF:19
LH:10
BRDA:23,0,0,1
BRDA:32,1,0,0
BRDA:32,1,1,1
BRDA:79,2,0,1
BRDA:79,2,1,0
BRDA:94,3,0,0
BRDA:94,3,1,1
BRDA:132,4,0,0
BRDA:132,4,1,0
BRF:9
BRH:4
end_of_record
TN:
SF:src/components/Pagination/index.ts
FNF:0
FNH:0
LF:0
LH:0
BRF:0
BRH:0
end_of_record
TN:
SF:src/components/RowsCount/RowsCount.tsx
FN:12,(anonymous_0)
FN:19,(anonymous_1)
FN:44,(anonymous_2)
FN:63,(anonymous_3)
FNF:4
FNH:3
FNDA:4,(anonymous_0)
FNDA:0,(anonymous_1)
FNDA:19,(anonymous_2)
FNDA:19,(anonymous_3)
DA:12,2
DA:17,4
DA:19,4
DA:20,0
DA:21,0
DA:23,4
DA:45,19
DA:60,2
DA:64,19
LF:9
LH:7
BRDA:13,0,0,0
BRF:1
BRH:0
end_of_record
TN:
SF:src/components/RowsCount/index.ts
FNF:0
FNH:0
LF:0
LH:0
BRF:0
BRH:0
end_of_record
TN:
SF:src/constants/index.ts
FNF:0
FNH:0
DA:1,2
DA:8,2
LF:2
LH:2
BRF:0
BRH:0
end_of_record
TN:
SF:src/hooks/usePagination.ts
FN:8,(anonymous_0)
FN:10,(anonymous_1)
FN:20,(anonymous_2)
FN:26,(anonymous_3)
FNF:4
FNH:4
FNDA:7,(anonymous_0)
FNDA:24,(anonymous_1)
FNDA:7,(anonymous_2)
FNDA:7,(anonymous_3)
DA:5,2
DA:8,2
DA:9,7
DA:10,24
DA:20,2
DA:26,7
DA:27,7
DA:30,7
DA:36,7
DA:37,2
DA:40,5
DA:41,5
DA:51,5
DA:52,5
DA:54,5
DA:55,5
DA:57,5
DA:58,2
DA:59,2
DA:61,2
DA:64,3
DA:65,2
DA:66,2
DA:70,2
DA:73,1
DA:74,1
DA:78,1
DA:80,0
DA:83,7
LF:29
LH:28
BRDA:23,0,0,3
BRDA:36,1,0,2
BRDA:36,1,1,5
BRDA:57,2,0,2
BRDA:57,2,1,3
BRDA:57,3,0,5
BRDA:57,3,1,2
BRDA:64,4,0,2
BRDA:64,4,1,1
BRDA:64,5,0,3
BRDA:64,5,1,3
BRDA:73,6,0,1
BRDA:73,6,1,0
BRDA:73,7,0,1
BRDA:73,7,1,1
BRF:15
BRH:14
end_of_record
TN:
SF:src/utils/index.ts
FN:4,(anonymous_0)
FNF:1
FNH:1
FNDA:30,(anonymous_0)
DA:4,3
DA:5,30
LF:2
LH:2
BRF:0
BRH:0
end_of_record
